[34m12-07-2023 14:32:23 - DEBUG - 2 (test.py:47)[0m
[38;20m12-07-2023 14:32:23 - INFO - 1 (test.py:48)[0m
[33;20m12-07-2023 14:32:23 - WARNING - 4 (test.py:49)[0m
[38;5;214m12-07-2023 14:32:23 - ERROR - 3 (test.py:50)[0m
[38;5;202m12-07-2023 14:32:23 - CRITICAL - 3 (test.py:51)[0m
[34m12-07-2023 14:37:46 - DEBUG - 2 (test.py:47)[0m
[38;20m12-07-2023 14:37:46 - INFO - 1 (test.py:48)[0m
[33;20m12-07-2023 14:37:46 - WARNING - 4 (test.py:49)[0m
[38;5;214m12-07-2023 14:37:46 - ERROR - 3 (test.py:50)[0m
[38;5;202m12-07-2023 14:37:46 - CRITICAL - 3 (test.py:51)[0m
[34m12-07-2023 14:38:47 - DEBUG - 2 (test.py:47)[0m
[38;20m12-07-2023 14:38:47 - INFO - 1 (test.py:48)[0m
[33;20m12-07-2023 14:38:47 - WARNING - 4 (test.py:49)[0m
[38;5;214m12-07-2023 14:38:47 - ERROR - 3 (test.py:50)[0m
[38;5;202m12-07-2023 14:38:47 - CRITICAL - 3 (test.py:51)[0m
[34m12-07-2023 14:38:59 - DEBUG - 2 (test.py:47)[0m
[38;20m12-07-2023 14:38:59 - INFO - 1 (test.py:48)[0m
[33;20m12-07-2023 14:38:59 - WARNING - 4 (test.py:49)[0m
[38;5;214m12-07-2023 14:38:59 - ERROR - 3 (test.py:50)[0m
[38;5;202m12-07-2023 14:38:59 - CRITICAL - 3 (test.py:51)[0m
[34m12-07-2023 14:40:51 - DEBUG - 2 (test.py:47)[0m
[38;20m12-07-2023 14:40:51 - INFO - 1 (test.py:48)[0m
[33;20m12-07-2023 14:40:51 - WARNING - 4 (test.py:49)[0m
[38;5;214m12-07-2023 14:40:51 - ERROR - 3 (test.py:50)[0m
[38;5;202m12-07-2023 14:40:51 - CRITICAL - 3 (test.py:51)[0m
[34m12-07-2023 14:40:58 - DEBUG - 2 (test.py:47)[0m
[38;20m12-07-2023 14:40:58 - INFO - 1 (test.py:48)[0m
[33;20m12-07-2023 14:40:58 - WARNING - 4 (test.py:49)[0m
[38;5;214m12-07-2023 14:40:58 - ERROR - 3 (test.py:50)[0m
[38;5;202m12-07-2023 14:40:58 - CRITICAL - 3 (test.py:51)[0m
[34m12-07-2023 14:41:06 - DEBUG - 2 (test.py:47)[0m
[38;20m12-07-2023 14:41:06 - INFO - 1 (test.py:48)[0m
[33;20m12-07-2023 14:41:06 - WARNING - 4 (test.py:49)[0m
[38;5;214m12-07-2023 14:41:06 - ERROR - 3 (test.py:50)[0m
[38;5;202m12-07-2023 14:41:06 - CRITICAL - 3 (test.py:51)[0m
[34m12-07-2023 14:41:11 - DEBUG - 2 (test.py:47)[0m
[38;20m12-07-2023 14:41:11 - INFO - 1 (test.py:48)[0m
[33;20m12-07-2023 14:41:11 - WARNING - 4 (test.py:49)[0m
[38;5;214m12-07-2023 14:41:11 - ERROR - 3 (test.py:50)[0m
[38;5;202m12-07-2023 14:41:11 - CRITICAL - 3 (test.py:51)[0m
[34m12-07-2023 14:41:20 - DEBUG - 2 (test.py:47)[0m
[38;20m12-07-2023 14:41:20 - INFO - 1 (test.py:48)[0m
[33;20m12-07-2023 14:41:20 - WARNING - 4 (test.py:49)[0m
[38;5;214m12-07-2023 14:41:20 - ERROR - 3 (test.py:50)[0m
[38;5;202m12-07-2023 14:41:20 - CRITICAL - 3 (test.py:51)[0m
[34m12-07-2023 14:41:28 - DEBUG - 2 (test.py:47)[0m
[38;20m12-07-2023 14:41:28 - INFO - 1 (test.py:48)[0m
[33;20m12-07-2023 14:41:28 - WARNING - 4 (test.py:49)[0m
[38;5;214m12-07-2023 14:41:28 - ERROR - 3 (test.py:50)[0m
[38;5;202m12-07-2023 14:41:28 - CRITICAL - 3 (test.py:51)[0m
